{"/Users/CamRay/Desktop/Programming/37.1/express-biztime/app.js": {"path":"/Users/CamRay/Desktop/Programming/37.1/express-biztime/app.js","statementMap":{"0":{"start":{"line":3,"column":16},"end":{"line":3,"column":34}},"1":{"start":{"line":4,"column":11},"end":{"line":4,"column":26}},"2":{"start":{"line":6,"column":21},"end":{"line":6,"column":46}},"3":{"start":{"line":7,"column":24},"end":{"line":7,"column":53}},"4":{"start":{"line":8,"column":23},"end":{"line":8,"column":51}},"5":{"start":{"line":13,"column":12},"end":{"line":13,"column":21}},"6":{"start":{"line":16,"column":0},"end":{"line":16,"column":24}},"7":{"start":{"line":17,"column":0},"end":{"line":17,"column":39}},"8":{"start":{"line":18,"column":0},"end":{"line":18,"column":37}},"9":{"start":{"line":23,"column":0},"end":{"line":26,"column":3}},"10":{"start":{"line":24,"column":14},"end":{"line":24,"column":48}},"11":{"start":{"line":25,"column":2},"end":{"line":25,"column":19}},"12":{"start":{"line":30,"column":0},"end":{"line":37,"column":3}},"13":{"start":{"line":31,"column":2},"end":{"line":31,"column":32}},"14":{"start":{"line":33,"column":2},"end":{"line":36,"column":5}},"15":{"start":{"line":39,"column":0},"end":{"line":39,"column":21}}},"fnMap":{"0":{"name":"(anonymous_0)","decl":{"start":{"line":23,"column":8},"end":{"line":23,"column":9}},"loc":{"start":{"line":23,"column":34},"end":{"line":26,"column":1}},"line":23},"1":{"name":"(anonymous_1)","decl":{"start":{"line":30,"column":8},"end":{"line":30,"column":9}},"loc":{"start":{"line":30,"column":33},"end":{"line":37,"column":1}},"line":30}},"branchMap":{"0":{"loc":{"start":{"line":31,"column":13},"end":{"line":31,"column":30}},"type":"binary-expr","locations":[{"start":{"line":31,"column":13},"end":{"line":31,"column":23}},{"start":{"line":31,"column":27},"end":{"line":31,"column":30}}],"line":31}},"s":{"0":1,"1":1,"2":1,"3":1,"4":1,"5":1,"6":1,"7":1,"8":1,"9":1,"10":0,"11":0,"12":1,"13":0,"14":0,"15":1},"f":{"0":0,"1":0},"b":{"0":[0,0]},"_coverageSchema":"1a1c01bbd47fc00a2c39e90264f33305004495a9","hash":"78c2f18a9dd2cd9a8ca9d15af0a87f77cbd48f95"}
,"/Users/CamRay/Desktop/Programming/37.1/express-biztime/db.js": {"path":"/Users/CamRay/Desktop/Programming/37.1/express-biztime/db.js","statementMap":{"0":{"start":{"line":3,"column":19},"end":{"line":3,"column":32}},"1":{"start":{"line":5,"column":15},"end":{"line":7,"column":2}},"2":{"start":{"line":9,"column":0},"end":{"line":9,"column":17}},"3":{"start":{"line":12,"column":0},"end":{"line":12,"column":24}}},"fnMap":{},"branchMap":{},"s":{"0":1,"1":1,"2":1,"3":1},"f":{},"b":{},"_coverageSchema":"1a1c01bbd47fc00a2c39e90264f33305004495a9","hash":"784b124a249e56e2ba55b8ccb32fe3d4185d663d"}
,"/Users/CamRay/Desktop/Programming/37.1/express-biztime/expressError.js": {"path":"/Users/CamRay/Desktop/Programming/37.1/express-biztime/expressError.js","statementMap":{"0":{"start":{"line":9,"column":4},"end":{"line":9,"column":12}},"1":{"start":{"line":10,"column":4},"end":{"line":10,"column":27}},"2":{"start":{"line":11,"column":4},"end":{"line":11,"column":25}},"3":{"start":{"line":12,"column":4},"end":{"line":12,"column":30}},"4":{"start":{"line":17,"column":0},"end":{"line":17,"column":30}}},"fnMap":{"0":{"name":"(anonymous_0)","decl":{"start":{"line":8,"column":2},"end":{"line":8,"column":3}},"loc":{"start":{"line":8,"column":31},"end":{"line":13,"column":3}},"line":8}},"branchMap":{},"s":{"0":0,"1":0,"2":0,"3":0,"4":1},"f":{"0":0},"b":{},"_coverageSchema":"1a1c01bbd47fc00a2c39e90264f33305004495a9","hash":"2429e43646da7ffc54b181592804af696ae850eb"}
,"/Users/CamRay/Desktop/Programming/37.1/express-biztime/routes/companies.js": {"path":"/Users/CamRay/Desktop/Programming/37.1/express-biztime/routes/companies.js","statementMap":{"0":{"start":{"line":1,"column":16},"end":{"line":1,"column":34}},"1":{"start":{"line":2,"column":15},"end":{"line":2,"column":31}},"2":{"start":{"line":3,"column":21},"end":{"line":3,"column":47}},"3":{"start":{"line":6,"column":11},"end":{"line":6,"column":27}},"4":{"start":{"line":9,"column":0},"end":{"line":16,"column":3}},"5":{"start":{"line":10,"column":2},"end":{"line":15,"column":3}},"6":{"start":{"line":11,"column":19},"end":{"line":11,"column":69}},"7":{"start":{"line":12,"column":4},"end":{"line":12,"column":46}},"8":{"start":{"line":14,"column":4},"end":{"line":14,"column":54}},"9":{"start":{"line":19,"column":0},"end":{"line":29,"column":3}},"10":{"start":{"line":20,"column":2},"end":{"line":28,"column":3}},"11":{"start":{"line":21,"column":19},"end":{"line":21,"column":117}},"12":{"start":{"line":22,"column":4},"end":{"line":24,"column":5}},"13":{"start":{"line":23,"column":6},"end":{"line":23,"column":64}},"14":{"start":{"line":25,"column":4},"end":{"line":25,"column":47}},"15":{"start":{"line":27,"column":4},"end":{"line":27,"column":54}},"16":{"start":{"line":32,"column":0},"end":{"line":43,"column":3}},"17":{"start":{"line":33,"column":2},"end":{"line":42,"column":3}},"18":{"start":{"line":34,"column":38},"end":{"line":34,"column":46}},"19":{"start":{"line":35,"column":19},"end":{"line":38,"column":5}},"20":{"start":{"line":39,"column":4},"end":{"line":39,"column":47}},"21":{"start":{"line":41,"column":4},"end":{"line":41,"column":54}},"22":{"start":{"line":46,"column":0},"end":{"line":60,"column":3}},"23":{"start":{"line":47,"column":2},"end":{"line":59,"column":3}},"24":{"start":{"line":48,"column":32},"end":{"line":48,"column":40}},"25":{"start":{"line":49,"column":19},"end":{"line":52,"column":5}},"26":{"start":{"line":53,"column":4},"end":{"line":55,"column":5}},"27":{"start":{"line":54,"column":6},"end":{"line":54,"column":64}},"28":{"start":{"line":56,"column":4},"end":{"line":56,"column":47}},"29":{"start":{"line":58,"column":4},"end":{"line":58,"column":54}},"30":{"start":{"line":63,"column":0},"end":{"line":73,"column":3}},"31":{"start":{"line":64,"column":2},"end":{"line":72,"column":3}},"32":{"start":{"line":65,"column":19},"end":{"line":65,"column":93}},"33":{"start":{"line":66,"column":4},"end":{"line":68,"column":5}},"34":{"start":{"line":67,"column":6},"end":{"line":67,"column":64}},"35":{"start":{"line":69,"column":4},"end":{"line":69,"column":41}},"36":{"start":{"line":71,"column":4},"end":{"line":71,"column":54}},"37":{"start":{"line":75,"column":0},"end":{"line":75,"column":24}}},"fnMap":{"0":{"name":"(anonymous_0)","decl":{"start":{"line":9,"column":16},"end":{"line":9,"column":17}},"loc":{"start":{"line":9,"column":36},"end":{"line":16,"column":1}},"line":9},"1":{"name":"(anonymous_1)","decl":{"start":{"line":19,"column":21},"end":{"line":19,"column":22}},"loc":{"start":{"line":19,"column":41},"end":{"line":29,"column":1}},"line":19},"2":{"name":"(anonymous_2)","decl":{"start":{"line":32,"column":17},"end":{"line":32,"column":18}},"loc":{"start":{"line":32,"column":37},"end":{"line":43,"column":1}},"line":32},"3":{"name":"(anonymous_3)","decl":{"start":{"line":46,"column":21},"end":{"line":46,"column":22}},"loc":{"start":{"line":46,"column":41},"end":{"line":60,"column":1}},"line":46},"4":{"name":"(anonymous_4)","decl":{"start":{"line":63,"column":24},"end":{"line":63,"column":25}},"loc":{"start":{"line":63,"column":44},"end":{"line":73,"column":1}},"line":63}},"branchMap":{"0":{"loc":{"start":{"line":22,"column":4},"end":{"line":24,"column":5}},"type":"if","locations":[{"start":{"line":22,"column":4},"end":{"line":24,"column":5}},{"start":{},"end":{}}],"line":22},"1":{"loc":{"start":{"line":53,"column":4},"end":{"line":55,"column":5}},"type":"if","locations":[{"start":{"line":53,"column":4},"end":{"line":55,"column":5}},{"start":{},"end":{}}],"line":53},"2":{"loc":{"start":{"line":66,"column":4},"end":{"line":68,"column":5}},"type":"if","locations":[{"start":{"line":66,"column":4},"end":{"line":68,"column":5}},{"start":{},"end":{}}],"line":66}},"s":{"0":1,"1":1,"2":1,"3":1,"4":1,"5":0,"6":0,"7":0,"8":0,"9":1,"10":1,"11":1,"12":1,"13":0,"14":1,"15":0,"16":1,"17":1,"18":1,"19":1,"20":0,"21":1,"22":1,"23":0,"24":0,"25":0,"26":0,"27":0,"28":0,"29":0,"30":1,"31":0,"32":0,"33":0,"34":0,"35":0,"36":0,"37":1},"f":{"0":0,"1":1,"2":1,"3":0,"4":0},"b":{"0":[0,1],"1":[0,0],"2":[0,0]},"_coverageSchema":"1a1c01bbd47fc00a2c39e90264f33305004495a9","hash":"f61d26d43aa6b4781b0b2ef03d89d0329087a3f8"}
,"/Users/CamRay/Desktop/Programming/37.1/express-biztime/routes/invoices.js": {"path":"/Users/CamRay/Desktop/Programming/37.1/express-biztime/routes/invoices.js","statementMap":{"0":{"start":{"line":1,"column":16},"end":{"line":1,"column":34}},"1":{"start":{"line":2,"column":15},"end":{"line":2,"column":31}},"2":{"start":{"line":3,"column":21},"end":{"line":3,"column":47}},"3":{"start":{"line":6,"column":11},"end":{"line":6,"column":27}},"4":{"start":{"line":9,"column":0},"end":{"line":16,"column":5}},"5":{"start":{"line":10,"column":4},"end":{"line":15,"column":5}},"6":{"start":{"line":11,"column":21},"end":{"line":11,"column":85}},"7":{"start":{"line":12,"column":6},"end":{"line":12,"column":47}},"8":{"start":{"line":14,"column":6},"end":{"line":14,"column":56}},"9":{"start":{"line":19,"column":0},"end":{"line":53,"column":3}},"10":{"start":{"line":20,"column":4},"end":{"line":52,"column":3}},"11":{"start":{"line":21,"column":15},"end":{"line":21,"column":28}},"12":{"start":{"line":22,"column":21},"end":{"line":27,"column":28}},"13":{"start":{"line":29,"column":5},"end":{"line":31,"column":5}},"14":{"start":{"line":30,"column":6},"end":{"line":30,"column":59}},"15":{"start":{"line":33,"column":17},"end":{"line":33,"column":31}},"16":{"start":{"line":34,"column":20},"end":{"line":45,"column":5}},"17":{"start":{"line":47,"column":4},"end":{"line":47,"column":42}},"18":{"start":{"line":51,"column":4},"end":{"line":51,"column":21}},"19":{"start":{"line":56,"column":2},"end":{"line":72,"column":5}},"20":{"start":{"line":57,"column":4},"end":{"line":71,"column":5}},"21":{"start":{"line":58,"column":29},"end":{"line":58,"column":37}},"22":{"start":{"line":60,"column":21},"end":{"line":64,"column":27}},"23":{"start":{"line":66,"column":6},"end":{"line":66,"column":51}},"24":{"start":{"line":70,"column":6},"end":{"line":70,"column":23}},"25":{"start":{"line":74,"column":2},"end":{"line":114,"column":5}},"26":{"start":{"line":75,"column":4},"end":{"line":112,"column":5}},"27":{"start":{"line":76,"column":24},"end":{"line":76,"column":32}},"28":{"start":{"line":77,"column":15},"end":{"line":77,"column":28}},"29":{"start":{"line":78,"column":21},"end":{"line":78,"column":25}},"30":{"start":{"line":80,"column":25},"end":{"line":84,"column":15}},"31":{"start":{"line":86,"column":6},"end":{"line":88,"column":7}},"32":{"start":{"line":87,"column":8},"end":{"line":87,"column":62}},"33":{"start":{"line":90,"column":27},"end":{"line":90,"column":55}},"34":{"start":{"line":92,"column":6},"end":{"line":98,"column":7}},"35":{"start":{"line":93,"column":8},"end":{"line":93,"column":30}},"36":{"start":{"line":94,"column":13},"end":{"line":98,"column":7}},"37":{"start":{"line":95,"column":8},"end":{"line":95,"column":23}},"38":{"start":{"line":97,"column":8},"end":{"line":97,"column":32}},"39":{"start":{"line":100,"column":21},"end":{"line":105,"column":36}},"40":{"start":{"line":107,"column":6},"end":{"line":107,"column":51}},"41":{"start":{"line":111,"column":6},"end":{"line":111,"column":23}},"42":{"start":{"line":116,"column":2},"end":{"line":136,"column":5}},"43":{"start":{"line":117,"column":4},"end":{"line":135,"column":5}},"44":{"start":{"line":118,"column":15},"end":{"line":118,"column":28}},"45":{"start":{"line":120,"column":21},"end":{"line":124,"column":15}},"46":{"start":{"line":126,"column":6},"end":{"line":128,"column":7}},"47":{"start":{"line":127,"column":8},"end":{"line":127,"column":62}},"48":{"start":{"line":130,"column":6},"end":{"line":130,"column":45}},"49":{"start":{"line":134,"column":6},"end":{"line":134,"column":23}},"50":{"start":{"line":139,"column":2},"end":{"line":139,"column":26}}},"fnMap":{"0":{"name":"(anonymous_0)","decl":{"start":{"line":9,"column":16},"end":{"line":9,"column":17}},"loc":{"start":{"line":9,"column":36},"end":{"line":16,"column":3}},"line":9},"1":{"name":"(anonymous_1)","decl":{"start":{"line":19,"column":19},"end":{"line":19,"column":20}},"loc":{"start":{"line":19,"column":39},"end":{"line":53,"column":1}},"line":19},"2":{"name":"(anonymous_2)","decl":{"start":{"line":56,"column":19},"end":{"line":56,"column":20}},"loc":{"start":{"line":56,"column":51},"end":{"line":72,"column":3}},"line":56},"3":{"name":"(anonymous_3)","decl":{"start":{"line":74,"column":21},"end":{"line":74,"column":22}},"loc":{"start":{"line":74,"column":53},"end":{"line":114,"column":3}},"line":74},"4":{"name":"(anonymous_4)","decl":{"start":{"line":116,"column":24},"end":{"line":116,"column":25}},"loc":{"start":{"line":116,"column":56},"end":{"line":136,"column":3}},"line":116}},"branchMap":{"0":{"loc":{"start":{"line":29,"column":5},"end":{"line":31,"column":5}},"type":"if","locations":[{"start":{"line":29,"column":5},"end":{"line":31,"column":5}},{"start":{},"end":{}}],"line":29},"1":{"loc":{"start":{"line":86,"column":6},"end":{"line":88,"column":7}},"type":"if","locations":[{"start":{"line":86,"column":6},"end":{"line":88,"column":7}},{"start":{},"end":{}}],"line":86},"2":{"loc":{"start":{"line":92,"column":6},"end":{"line":98,"column":7}},"type":"if","locations":[{"start":{"line":92,"column":6},"end":{"line":98,"column":7}},{"start":{"line":94,"column":13},"end":{"line":98,"column":7}}],"line":92},"3":{"loc":{"start":{"line":92,"column":10},"end":{"line":92,"column":31}},"type":"binary-expr","locations":[{"start":{"line":92,"column":10},"end":{"line":92,"column":23}},{"start":{"line":92,"column":27},"end":{"line":92,"column":31}}],"line":92},"4":{"loc":{"start":{"line":94,"column":13},"end":{"line":98,"column":7}},"type":"if","locations":[{"start":{"line":94,"column":13},"end":{"line":98,"column":7}},{"start":{"line":96,"column":13},"end":{"line":98,"column":7}}],"line":94},"5":{"loc":{"start":{"line":126,"column":6},"end":{"line":128,"column":7}},"type":"if","locations":[{"start":{"line":126,"column":6},"end":{"line":128,"column":7}},{"start":{},"end":{}}],"line":126}},"s":{"0":1,"1":1,"2":1,"3":1,"4":1,"5":0,"6":0,"7":0,"8":0,"9":1,"10":0,"11":0,"12":0,"13":0,"14":0,"15":0,"16":0,"17":0,"18":0,"19":1,"20":0,"21":0,"22":0,"23":0,"24":0,"25":1,"26":0,"27":0,"28":0,"29":0,"30":0,"31":0,"32":0,"33":0,"34":0,"35":0,"36":0,"37":0,"38":0,"39":0,"40":0,"41":0,"42":1,"43":0,"44":0,"45":0,"46":0,"47":0,"48":0,"49":0,"50":1},"f":{"0":0,"1":0,"2":0,"3":0,"4":0},"b":{"0":[0,0],"1":[0,0],"2":[0,0],"3":[0,0],"4":[0,0],"5":[0,0]},"_coverageSchema":"1a1c01bbd47fc00a2c39e90264f33305004495a9","hash":"bff8d862cd12812589dabab7ebe721c94d4b02a8"}
}
